[2026-02-24 10:34:21] WARNING  src.services.ocr_engine – Tesseract not found – OCR will be unavailable.
[2026-02-24 10:34:21] WARNING  src.services.ocr_engine – Tesseract not found – OCR will be unavailable.
[2026-02-24 10:34:21] INFO     src.services.text_indexer – Index cleared.
[2026-02-24 10:34:21] INFO     src.services.text_indexer – Indexed 1 pages for doc 1
[2026-02-24 10:34:21] INFO     src.services.search_engine – Search 'hello' → 1 results
[2026-02-24 10:34:21] INFO     src.services.text_indexer – Index cleared.
[2026-02-24 10:34:21] INFO     src.services.text_indexer – Indexed 1 pages for doc 2
[2026-02-24 10:34:21] INFO     src.services.search_engine – Search 'ලංකා' → 1 results
[2026-02-24 10:34:21] INFO     src.services.text_indexer – Index cleared.
[2026-02-24 10:34:21] INFO     src.services.search_engine – Search 'nonexistent_xyz_12345' → 0 results
[2026-02-24 10:44:42] INFO     sinhala_pdf_search – Starting සිංහල PDF සෙවුම
[2026-02-24 10:44:42] INFO     src.db.database – Database initialised at C:\Users\Ravindu\Desktop\Ministry Sft\sinhala-pdf-search\data\app.db
[2026-02-24 10:44:42] WARNING  src.services.ocr_engine – Tesseract not found – OCR will be unavailable.
[2026-02-24 10:47:38] INFO     sinhala_pdf_search – Starting Sinhala PDF Search
[2026-02-24 10:47:38] INFO     src.db.database – Database initialised at C:\Users\Ravindu\Desktop\Ministry Sft\sinhala-pdf-search\data\app.db
[2026-02-24 10:47:39] WARNING  src.services.ocr_engine – Tesseract not found – OCR will be unavailable.
[2026-02-24 10:49:07] INFO     sinhala_pdf_search – Starting Sinhala PDF Search
[2026-02-24 10:49:07] INFO     src.db.database – Database initialised at C:\Users\Ravindu\Desktop\Ministry Sft\sinhala-pdf-search\data\app.db
[2026-02-24 10:49:07] WARNING  src.services.ocr_engine – Tesseract not found – OCR will be unavailable.
[2026-02-24 10:50:41] INFO     sinhala_pdf_search – Starting Sinhala PDF Search
[2026-02-24 10:50:41] INFO     src.db.database – Database initialised at C:\Users\Ravindu\Desktop\Ministry Sft\sinhala-pdf-search\data\app.db
[2026-02-24 10:50:41] WARNING  src.services.ocr_engine – Tesseract not found – OCR will be unavailable.
[2026-02-24 10:53:26] INFO     sinhala_pdf_search – Starting Sinhala PDF Search
[2026-02-24 10:53:26] INFO     src.db.database – Database initialised at C:\Users\Ravindu\Desktop\Ministry Sft\sinhala-pdf-search\data\app.db
[2026-02-24 10:53:26] INFO     src.services.ocr_engine – Tesseract version: 5.4.0.20240606
[2026-02-24 10:53:53] INFO     sinhala_pdf_search – Starting Sinhala PDF Search
[2026-02-24 10:53:53] INFO     src.db.database – Database initialised at C:\Users\Ravindu\Desktop\Ministry Sft\sinhala-pdf-search\data\app.db
[2026-02-24 10:53:53] INFO     src.services.ocr_engine – Tesseract version: 5.4.0.20240606
[2026-02-24 10:57:25] INFO     sinhala_pdf_search – Starting Circular Search
[2026-02-24 10:57:25] INFO     src.db.database – Database initialised at C:\Users\Ravindu\Desktop\Ministry Sft\sinhala-pdf-search\data\app.db
[2026-02-24 10:57:26] INFO     src.services.ocr_engine – Tesseract version: 5.4.0.20240606
[2026-02-24 11:12:33] INFO     sinhala_pdf_search – Starting Circular Search
[2026-02-24 11:12:33] INFO     src.db.database – Database initialised at C:\Users\Ravindu\Desktop\Ministry Sft\sinhala-pdf-search\data\app.db
[2026-02-24 11:12:33] INFO     src.services.ocr_engine – Tesseract version: 5.4.0.20240606
[2026-02-24 11:18:48] INFO     sinhala_pdf_search – Starting Circular Search
[2026-02-24 11:18:48] INFO     src.db.database – Database initialised at C:\Users\Ravindu\Desktop\Ministry Sft\sinhala-pdf-search\data\app.db
[2026-02-24 11:18:48] INFO     src.services.ocr_engine – Tesseract version: 5.4.0.20240606
[2026-02-24 11:23:46] INFO     sinhala_pdf_search – Starting Circular Search
[2026-02-24 11:23:46] INFO     src.db.database – Database initialised at C:\Users\Ravindu\Desktop\Ministry Sft\sinhala-pdf-search\data\app.db
[2026-02-24 11:23:46] INFO     src.services.ocr_engine – Tesseract version: 5.4.0.20240606
[2026-02-24 11:27:01] INFO     sinhala_pdf_search – Starting Circular Search
[2026-02-24 11:27:01] INFO     src.db.database – Database initialised at C:\Users\Ravindu\Desktop\Ministry Sft\sinhala-pdf-search\data\app.db
[2026-02-24 11:27:01] INFO     src.db.database – Seeded 8 default categories
[2026-02-24 11:27:01] INFO     src.services.ocr_engine – Tesseract version: 5.4.0.20240606
[2026-02-24 11:28:56] INFO     sinhala_pdf_search – Starting Circular Search
[2026-02-24 11:28:56] INFO     src.db.database – Database initialised at C:\Users\Ravindu\Desktop\Ministry Sft\sinhala-pdf-search\data\app.db
[2026-02-24 11:28:56] INFO     src.services.ocr_engine – Tesseract version: 5.4.0.20240606
[2026-02-24 11:33:50] INFO     sinhala_pdf_search – Starting Circular Search
[2026-02-24 11:33:50] INFO     src.db.database – Database initialised at C:\Users\Ravindu\Desktop\Ministry Sft\sinhala-pdf-search\data\app.db
[2026-02-24 11:33:50] INFO     src.services.ocr_engine – Tesseract version: 5.4.0.20240606
[2026-02-24 11:34:05] INFO     src.db.database – Added category: service
[2026-02-24 11:34:41] INFO     sinhala_pdf_search – Starting Circular Search
[2026-02-24 11:34:41] INFO     src.db.database – Database initialised at C:\Users\Ravindu\Desktop\Ministry Sft\sinhala-pdf-search\data\app.db
[2026-02-24 11:34:41] INFO     src.services.ocr_engine – Tesseract version: 5.4.0.20240606
[2026-02-24 11:38:05] INFO     sinhala_pdf_search – Starting Circular Search
[2026-02-24 11:38:05] INFO     src.db.database – Database initialised at C:\Users\Ravindu\Desktop\Ministry Sft\sinhala-pdf-search\data\app.db
[2026-02-24 11:38:05] INFO     src.services.ocr_engine – Tesseract version: 5.4.0.20240606
[2026-02-24 11:40:38] INFO     sinhala_pdf_search – Starting Circular Search
[2026-02-24 11:40:38] INFO     src.db.database – Database initialised at C:\Users\Ravindu\Desktop\Ministry Sft\sinhala-pdf-search\data\app.db
[2026-02-24 11:40:38] INFO     src.services.ocr_engine – Tesseract version: 5.4.0.20240606
[2026-02-24 11:41:00] INFO     src.db.database – Deleted category: service
[2026-02-24 11:42:55] INFO     sinhala_pdf_search – Starting Circular Search
[2026-02-24 11:42:55] INFO     src.db.database – Database initialised at C:\Users\Ravindu\Desktop\Ministry Sft\sinhala-pdf-search\data\app.db
[2026-02-24 11:42:56] INFO     src.services.ocr_engine – Tesseract version: 5.4.0.20240606
[2026-02-24 11:45:19] INFO     sinhala_pdf_search – Starting Circular Search
[2026-02-24 11:45:19] INFO     src.db.database – Database initialised at C:\Users\Ravindu\Desktop\Ministry Sft\sinhala-pdf-search\data\app.db
[2026-02-24 11:45:20] INFO     src.services.ocr_engine – Tesseract version: 5.4.0.20240606
[2026-02-24 11:47:33] INFO     sinhala_pdf_search – Starting Circular Search
[2026-02-24 11:47:33] INFO     src.db.database – Database initialised at C:\Users\Ravindu\Desktop\Ministry Sft\sinhala-pdf-search\data\app.db
[2026-02-24 11:48:35] INFO     sinhala_pdf_search – Starting Circular Search
[2026-02-24 11:48:35] INFO     src.db.database – Database initialised at C:\Users\Ravindu\Desktop\Ministry Sft\sinhala-pdf-search\data\app.db
[2026-02-24 11:48:35] INFO     src.services.ocr_engine – Tesseract version: 5.4.0.20240606
[2026-02-24 11:49:20] INFO     sinhala_pdf_search – Starting Circular Search
[2026-02-24 11:49:20] INFO     src.db.database – Database initialised at C:\Users\Ravindu\Desktop\Ministry Sft\sinhala-pdf-search\data\app.db
[2026-02-24 11:49:20] INFO     src.services.ocr_engine – Tesseract version: 5.4.0.20240606
[2026-02-24 11:50:15] INFO     src.services.pdf_reader – Opened PDF: C:\Users\Ravindu\Downloads\ProfitStatement_2026-02-01_to_2026-02-16.pdf  (1 pages)
[2026-02-24 11:50:15] INFO     src.db.database – Saved 1 page texts for doc 2
[2026-02-24 11:50:15] INFO     src.services.text_indexer – Indexed 1 pages for doc 2
[2026-02-24 11:50:23] INFO     src.services.search_engine – Search 'leave' → 0 results
[2026-02-24 11:50:24] INFO     src.services.search_engine – Search 'leave' → 0 results
[2026-02-24 11:50:24] INFO     src.services.search_engine – Search 'leave' → 0 results
[2026-02-24 11:50:24] INFO     src.services.search_engine – Search 'leave' → 0 results
[2026-02-24 11:50:24] INFO     src.services.search_engine – Search 'leave' → 0 results
[2026-02-24 11:50:25] INFO     src.services.search_engine – Search 'leave' → 0 results
[2026-02-24 11:51:50] INFO     src.db.database – Database initialised at C:\Users\Ravindu\Desktop\Ministry Sft\sinhala-pdf-search\data\app.db
[2026-02-24 11:52:19] INFO     src.db.database – Database initialised at C:\Users\Ravindu\Desktop\Ministry Sft\sinhala-pdf-search\data\app.db
[2026-02-24 11:52:19] INFO     src.services.search_engine – Search 'profit' → 0 results
[2026-02-24 11:52:19] INFO     src.services.search_engine – Search 'Profit' → 0 results
[2026-02-24 11:52:19] INFO     src.services.search_engine – Search 'download' → 0 results
[2026-02-24 11:52:19] INFO     src.services.search_engine – Search 'statement' → 1 results
[2026-02-24 11:55:27] INFO     sinhala_pdf_search – Starting Circular Search
[2026-02-24 11:55:27] INFO     src.db.database – Database initialised at C:\Users\Ravindu\Desktop\Ministry Sft\sinhala-pdf-search\data\app.db
[2026-02-24 11:55:27] INFO     src.db.database – Seeded 8 default categories
[2026-02-24 11:55:27] INFO     src.services.ocr_engine – Tesseract version: 5.4.0.20240606
[2026-02-24 11:55:59] INFO     src.services.pdf_reader – Opened PDF: C:\Users\Ravindu\Downloads\download.pdf  (8 pages)
[2026-02-24 11:56:20] INFO     src.db.database – Saved 8 page texts for doc 1
[2026-02-24 11:56:20] INFO     src.services.text_indexer – Indexed 8 pages for doc 1
[2026-02-24 11:56:47] INFO     src.services.pdf_reader – Opened PDF: C:\Users\Ravindu\Downloads\ProfitStatement_2026-02-01_to_2026-02-16.pdf  (1 pages)
[2026-02-24 11:56:47] INFO     src.db.database – Saved 1 page texts for doc 2
[2026-02-24 11:56:47] INFO     src.services.text_indexer – Removed stale WRITELOCK
[2026-02-24 11:56:47] INFO     src.services.text_indexer – Indexed 1 pages for doc 2
[2026-02-24 11:56:53] INFO     src.services.search_engine – Search 'resign' → 1 results
[2026-02-24 11:57:07] INFO     src.services.search_engine – Search '01/26' → 9 results
[2026-02-24 11:57:13] INFO     src.services.search_engine – Search '01/26' → 9 results
[2026-02-24 11:57:13] INFO     src.services.search_engine – Search '01/26' → 9 results
[2026-02-24 11:57:13] INFO     src.services.search_engine – Search '01/26' → 9 results
[2026-02-24 11:57:13] INFO     src.services.search_engine – Search '01/26' → 9 results
[2026-02-24 11:57:13] INFO     src.services.search_engine – Search '01/26' → 9 results
[2026-02-24 11:57:14] INFO     src.services.search_engine – Search '01/26' → 9 results
[2026-02-24 12:01:41] INFO     sinhala_pdf_search – Starting Circular Search
[2026-02-24 12:01:41] INFO     src.db.database – Database initialised at C:\Users\Ravindu\Desktop\Ministry Sft\sinhala-pdf-search\data\app.db
[2026-02-24 12:01:41] INFO     src.services.ocr_engine – Tesseract version: 5.4.0.20240606
[2026-02-24 12:01:54] INFO     src.services.search_engine – Search '01/26' → 9 results
[2026-02-24 12:01:56] INFO     src.services.search_engine – Search '01/26' → 9 results
[2026-02-24 12:01:56] INFO     src.services.search_engine – Search '01/26' → 9 results
[2026-02-24 12:01:56] INFO     src.services.search_engine – Search '01/26' → 9 results
[2026-02-24 12:01:57] INFO     src.services.search_engine – Search '01/26' → 9 results
[2026-02-24 12:05:22] INFO     sinhala_pdf_search – Starting Circular Search
[2026-02-24 12:05:22] INFO     src.db.database – Database initialised at C:\Users\Ravindu\Desktop\Ministry Sft\sinhala-pdf-search\data\app.db
[2026-02-24 12:05:22] INFO     src.services.ocr_engine – Tesseract version: 5.4.0.20240606
[2026-02-24 12:10:41] INFO     sinhala_pdf_search – Starting Circular Search
[2026-02-24 12:10:41] INFO     src.db.database – Database initialised at C:\Users\Ravindu\Desktop\Ministry Sft\sinhala-pdf-search\data\app.db
[2026-02-24 12:10:41] INFO     src.services.ocr_engine – Tesseract version: 5.4.0.20240606
[2026-02-24 12:11:07] INFO     src.services.text_indexer – Removed stale WRITELOCK
[2026-02-24 12:11:07] INFO     src.services.text_indexer – Removed index entries for doc 1
[2026-02-24 12:11:07] INFO     src.db.database – Deleted document id=1
[2026-02-24 12:14:50] INFO     sinhala_pdf_search – Starting Circular Search
[2026-02-24 12:14:50] INFO     src.db.database – Database initialised at C:\Users\Ravindu\Desktop\Ministry Sft\sinhala-pdf-search\data\app.db
[2026-02-24 12:14:51] INFO     src.services.ocr_engine – Tesseract version: 5.4.0.20240606
[2026-02-24 12:15:18] INFO     sinhala_pdf_search – Starting Circular Search
[2026-02-24 12:15:18] INFO     src.db.database – Database initialised at C:\Users\Ravindu\Desktop\Ministry Sft\sinhala-pdf-search\data\app.db
[2026-02-24 12:15:19] INFO     src.services.ocr_engine – Tesseract version: 5.4.0.20240606
[2026-02-24 12:16:18] INFO     src.services.pdf_reader – Opened PDF: C:\Users\Ravindu\Downloads\download.pdf  (8 pages)
[2026-02-24 12:16:38] INFO     src.db.database – Saved 8 page texts for doc 3
[2026-02-24 12:16:38] INFO     src.services.text_indexer – Removed stale WRITELOCK
[2026-02-24 12:16:39] INFO     src.services.text_indexer – Indexed 8 pages for doc 3
[2026-02-24 12:16:49] INFO     src.services.search_engine – Search 'leave' → 8 results
[2026-02-24 12:16:50] INFO     src.services.search_engine – Search 'leave' → 8 results
[2026-02-24 12:16:50] INFO     src.services.search_engine – Search 'leave' → 8 results
[2026-02-24 12:16:51] INFO     src.services.search_engine – Search 'leave' → 8 results
[2026-02-24 12:16:51] INFO     src.services.search_engine – Search 'leave' → 8 results
[2026-02-24 12:17:09] INFO     src.services.search_engine – Search '01' → 9 results
[2026-02-24 12:17:09] INFO     src.services.search_engine – Search '01' → 9 results
[2026-02-24 12:17:11] INFO     src.services.search_engine – Search '01' → 9 results
[2026-02-24 12:17:12] INFO     src.services.search_engine – Search '01' → 9 results
[2026-02-24 12:17:12] INFO     src.services.search_engine – Search '01' → 9 results
[2026-02-24 12:17:17] INFO     src.services.search_engine – Search '01/2026' → 9 results
[2026-02-24 12:17:18] INFO     src.services.search_engine – Search '01/2026' → 9 results
[2026-02-24 12:17:19] INFO     src.services.search_engine – Search '01/2026' → 9 results
[2026-02-24 12:17:19] INFO     src.services.search_engine – Search '01/2026' → 9 results
[2026-02-24 12:17:25] INFO     src.services.search_engine – Search '02/2026' → 9 results
[2026-02-24 12:18:55] INFO     src.services.pdf_reader – Opened PDF: C:\Users\Ravindu\Downloads\Invoice_INV-20260215182853.pdf  (1 pages)
[2026-02-24 12:18:55] INFO     src.db.database – Saved 1 page texts for doc 4
[2026-02-24 12:18:55] INFO     src.services.text_indexer – Removed stale WRITELOCK
[2026-02-24 12:18:55] INFO     src.services.text_indexer – Indexed 1 pages for doc 4
[2026-02-24 12:19:04] INFO     src.services.search_engine – Search 'tec' → 0 results
[2026-02-24 12:19:06] INFO     src.services.search_engine – Search 'tec' → 0 results
[2026-02-24 12:23:01] INFO     sinhala_pdf_search – Starting Circular Search
[2026-02-24 12:23:01] INFO     src.db.database – Database initialised at C:\Users\Ravindu\Desktop\Ministry Sft\sinhala-pdf-search\data\app.db
[2026-02-24 12:23:02] INFO     src.services.ocr_engine – Tesseract version: 5.4.0.20240606
[2026-02-24 12:24:28] INFO     sinhala_pdf_search – Starting Circular Search
[2026-02-24 12:24:28] INFO     src.db.database – Database initialised at C:\Users\Ravindu\Desktop\Ministry Sft\sinhala-pdf-search\data\app.db
[2026-02-24 12:24:28] INFO     src.services.ocr_engine – Tesseract version: 5.4.0.20240606
[2026-02-24 12:24:34] INFO     src.services.text_indexer – Removed stale WRITELOCK
[2026-02-24 12:24:34] INFO     src.services.text_indexer – Removed index entries for doc 4
[2026-02-24 12:24:34] INFO     src.services.pdf_reader – Opened PDF: C:\Users\Ravindu\Downloads\Invoice_INV-20260215182853.pdf  (1 pages)
[2026-02-24 12:24:34] INFO     src.db.database – Saved 1 page texts for doc 4
[2026-02-24 12:24:34] INFO     src.services.text_indexer – Removed stale WRITELOCK
[2026-02-24 12:24:34] INFO     src.services.text_indexer – Indexed 1 pages for doc 4
[2026-02-24 12:24:40] INFO     src.services.text_indexer – Removed stale WRITELOCK
[2026-02-24 12:24:40] INFO     src.services.text_indexer – Removed index entries for doc 3
[2026-02-24 12:24:40] INFO     src.services.pdf_reader – Opened PDF: C:\Users\Ravindu\Downloads\download.pdf  (8 pages)
[2026-02-24 12:26:30] INFO     sinhala_pdf_search – Starting Circular Search
[2026-02-24 12:26:30] INFO     src.db.database – Database initialised at C:\Users\Ravindu\Desktop\Ministry Sft\sinhala-pdf-search\data\app.db
[2026-02-24 12:26:31] INFO     src.services.ocr_engine – Tesseract version: 5.4.0.20240606
[2026-02-24 12:27:03] INFO     src.services.search_engine – Search 'legal' → 1 results
[2026-02-24 12:27:19] INFO     src.services.search_engine – Search 'resi' → 0 results
[2026-02-24 12:27:23] INFO     src.services.search_engine – Search 'resign' → 1 results
[2026-02-24 12:27:37] INFO     src.services.search_engine – Search 'technical' → 1 results
[2026-02-24 12:28:48] INFO     sinhala_pdf_search – Starting Circular Search
[2026-02-24 12:28:48] INFO     src.db.database – Database initialised at C:\Users\Ravindu\Desktop\Ministry Sft\sinhala-pdf-search\data\app.db
[2026-02-24 12:28:48] INFO     src.services.ocr_engine – Tesseract version: 5.4.0.20240606
[2026-02-24 12:30:56] INFO     sinhala_pdf_search – Starting Circular Search
[2026-02-24 12:30:56] INFO     src.db.database – Database initialised at C:\Users\Ravindu\Desktop\Ministry Sft\sinhala-pdf-search\data\app.db
[2026-02-24 12:30:57] INFO     src.services.ocr_engine – Tesseract version: 5.4.0.20240606
[2026-02-24 12:31:43] INFO     sinhala_pdf_search – Starting Circular Search
[2026-02-24 12:31:43] INFO     src.db.database – Database initialised at C:\Users\Ravindu\Desktop\Ministry Sft\sinhala-pdf-search\data\app.db
[2026-02-24 12:31:44] INFO     src.services.ocr_engine – Tesseract version: 5.4.0.20240606
[2026-02-24 12:33:41] INFO     sinhala_pdf_search – Starting Circular Search
[2026-02-24 12:33:41] INFO     src.db.database – Database initialised at C:\Users\Ravindu\Desktop\Ministry Sft\sinhala-pdf-search\data\app.db
[2026-02-24 12:33:42] INFO     src.services.ocr_engine – Tesseract version: 5.4.0.20240606
[2026-02-24 12:34:13] INFO     sinhala_pdf_search – Starting Circular Search
[2026-02-24 12:34:13] INFO     src.db.database – Database initialised at C:\Users\Ravindu\Desktop\Ministry Sft\sinhala-pdf-search\data\app.db
[2026-02-24 12:34:13] INFO     src.services.ocr_engine – Tesseract version: 5.4.0.20240606
[2026-02-24 12:34:35] INFO     src.services.search_engine – Search 'legal' → 1 results
[2026-02-24 12:34:57] INFO     sinhala_pdf_search – Starting Circular Search
[2026-02-24 12:34:57] INFO     src.db.database – Database initialised at C:\Users\Ravindu\Desktop\Ministry Sft\sinhala-pdf-search\data\app.db
[2026-02-24 12:34:58] INFO     src.services.ocr_engine – Tesseract version: 5.4.0.20240606
[2026-02-24 12:36:21] INFO     sinhala_pdf_search – Starting Circular Search
[2026-02-24 12:36:21] INFO     src.db.database – Database initialised at C:\Users\Ravindu\Desktop\Ministry Sft\sinhala-pdf-search\data\app.db
[2026-02-24 12:36:22] INFO     src.services.ocr_engine – Tesseract version: 5.4.0.20240606
[2026-02-24 12:40:13] INFO     sinhala_pdf_search – Starting Circular Search
[2026-02-24 12:40:13] INFO     src.db.database – Database initialised at C:\Users\Ravindu\Desktop\Ministry Sft\sinhala-pdf-search\data\app.db
[2026-02-24 12:40:13] INFO     src.services.ocr_engine – Tesseract version: 5.4.0.20240606
[2026-02-24 12:50:10] INFO     sinhala_pdf_search – Starting Circular Search
[2026-02-24 12:50:10] INFO     src.db.database – Database initialised at C:\Users\Ravindu\Desktop\Ministry Sft\sinhala-pdf-search\data\app.db
[2026-02-24 12:50:10] INFO     src.services.ocr_engine – Tesseract version: 5.4.0.20240606
[2026-02-24 12:57:30] INFO     sinhala_pdf_search – Starting Circular Search
[2026-02-24 12:57:30] INFO     src.db.database – Database initialised at C:\Users\Ravindu\Desktop\Ministry Sft\sinhala-pdf-search\data\app.db
[2026-02-24 12:57:30] INFO     src.services.ocr_engine – Tesseract version: 5.4.0.20240606
[2026-02-24 13:05:03] INFO     sinhala_pdf_search – Starting Circular Search
[2026-02-24 13:05:03] INFO     src.db.database – Database initialised at C:\Users\Ravindu\Desktop\Ministry Sft\sinhala-pdf-search\data\app.db
[2026-02-24 13:05:04] INFO     src.services.ocr_engine – Tesseract version: 5.4.0.20240606
[2026-02-24 13:07:42] INFO     src.db.database – Database initialised at C:\Users\Ravindu\Desktop\Ministry Sft\sinhala-pdf-search\data\app.db
[2026-02-24 13:07:42] INFO     src.db.database – Seeded 8 default categories
[2026-02-24 13:07:42] INFO     src.db.database – Seeded default admin account (admin / admin123)
[2026-02-24 13:09:00] INFO     sinhala_pdf_search – Starting Circular Search
[2026-02-24 13:09:00] INFO     src.db.database – Database initialised at C:\Users\Ravindu\Desktop\Ministry Sft\sinhala-pdf-search\data\app.db
[2026-02-24 13:09:12] INFO     src.db.database – Database initialised at C:\Users\Ravindu\Desktop\Ministry Sft\sinhala-pdf-search\data\app.db
[2026-02-24 13:09:12] INFO     src.services.ocr_engine – Tesseract version: 5.4.0.20240606
[2026-02-24 13:09:28] INFO     sinhala_pdf_search – Starting Circular Search
[2026-02-24 13:09:28] INFO     src.db.database – Database initialised at C:\Users\Ravindu\Desktop\Ministry Sft\sinhala-pdf-search\data\app.db
[2026-02-24 13:09:39] INFO     src.db.database – Database initialised at C:\Users\Ravindu\Desktop\Ministry Sft\sinhala-pdf-search\data\app.db
[2026-02-24 13:09:40] INFO     src.services.ocr_engine – Tesseract version: 5.4.0.20240606
[2026-02-24 13:09:55] INFO     sinhala_pdf_search – Starting Circular Search
[2026-02-24 13:09:55] INFO     src.db.database – Database initialised at C:\Users\Ravindu\Desktop\Ministry Sft\sinhala-pdf-search\data\app.db
[2026-02-24 13:10:05] INFO     src.db.database – Database initialised at C:\Users\Ravindu\Desktop\Ministry Sft\sinhala-pdf-search\data\app.db
[2026-02-24 13:10:06] INFO     src.services.ocr_engine – Tesseract version: 5.4.0.20240606
[2026-02-24 13:14:30] INFO     sinhala_pdf_search – Starting Circular Search
[2026-02-24 13:14:30] INFO     src.db.database – Database initialised at C:\Users\Ravindu\Desktop\Ministry Sft\sinhala-pdf-search\data\app.db
[2026-02-24 13:14:39] INFO     src.db.database – Database initialised at C:\Users\Ravindu\Desktop\Ministry Sft\sinhala-pdf-search\data\app.db
[2026-02-24 13:14:39] INFO     src.services.ocr_engine – Tesseract version: 5.4.0.20240606
[2026-02-24 14:34:25] INFO     src.db.database – Database initialised at C:\Users\Ravindu\Desktop\Ministry Sft\sinhala-pdf-search\data\app.db
[2026-02-24 14:39:25] INFO     sinhala_pdf_search – Starting Circular Search
[2026-02-24 14:39:25] INFO     src.db.database – Database initialised at C:\Users\Ravindu\Desktop\Ministry Sft\sinhala-pdf-search\data\app.db
[2026-02-24 14:39:38] INFO     src.services.ocr_engine – Tesseract version: 5.4.0.20240606
[2026-02-24 14:42:09] INFO     sinhala_pdf_search – Starting Circular Search
[2026-02-24 14:42:09] INFO     src.db.database – Database initialised at C:\Users\Ravindu\Desktop\Ministry Sft\sinhala-pdf-search\data\app.db
[2026-02-24 14:42:21] INFO     src.services.ocr_engine – Tesseract version: 5.4.0.20240606
[2026-02-24 14:42:27] INFO     sinhala_pdf_search – Starting Circular Search
[2026-02-24 14:42:27] INFO     src.db.database – Database initialised at C:\Users\Ravindu\Desktop\Ministry Sft\sinhala-pdf-search\data\app.db
[2026-02-24 15:14:57] INFO     sinhala_pdf_search – Starting Circular Search
[2026-02-24 15:14:57] INFO     src.db.database – Database initialised at C:\Users\Ravindu\Desktop\Ministry Sft\sinhala-pdf-search\data\app.db
[2026-02-25 07:59:09] INFO     sinhala_pdf_search – Starting Circular Search
[2026-02-25 07:59:09] INFO     src.db.database – Database initialised at C:\Users\Ravindu\Desktop\Ministry Sft\sinhala-pdf-search\data\app.db
[2026-02-25 07:59:18] INFO     src.services.ocr_engine – Tesseract version: 5.4.0.20240606
[2026-02-25 08:05:30] INFO     sinhala_pdf_search – Starting Circular Search
[2026-02-25 08:05:30] INFO     src.db.database – Database initialised at C:\Users\Ravindu\Desktop\Ministry Sft\sinhala-pdf-search\data\app.db
[2026-02-25 08:05:40] INFO     src.services.ocr_engine – Tesseract version: 5.4.0.20240606
[2026-02-25 08:09:18] INFO     sinhala_pdf_search – Starting Circular Search
[2026-02-25 08:09:18] INFO     src.db.database – Database initialised at C:\Users\Ravindu\Desktop\Ministry Sft\sinhala-pdf-search\data\app.db
[2026-02-25 08:09:28] INFO     src.services.ocr_engine – Tesseract version: 5.4.0.20240606
[2026-02-25 08:11:01] INFO     src.db.database – Deleted document id=1
[2026-02-25 08:15:21] INFO     sinhala_pdf_search – Starting Circular Search
[2026-02-25 08:15:21] INFO     src.db.database – Database initialised at C:\Users\Ravindu\Desktop\Ministry Sft\sinhala-pdf-search\data\app.db
[2026-02-25 08:15:32] INFO     src.services.ocr_engine – Tesseract version: 5.4.0.20240606
[2026-02-25 08:19:18] INFO     sinhala_pdf_search – Starting Circular Search
[2026-02-25 08:19:18] INFO     src.db.database – Database initialised at C:\Users\Ravindu\Desktop\Ministry Sft\sinhala-pdf-search\data\app.db
[2026-02-25 08:19:32] INFO     src.services.ocr_engine – Tesseract version: 5.4.0.20240606
[2026-02-25 08:26:51] INFO     sinhala_pdf_search – Starting Circular Search
[2026-02-25 08:26:51] INFO     src.db.database – Database initialised at C:\Users\Ravindu\Desktop\Ministry Sft\sinhala-pdf-search\data\app.db
[2026-02-25 08:26:51] INFO     src.db.database – Seeded 8 default categories
[2026-02-25 08:26:51] INFO     src.db.database – Seeded default admin account (admin / admin123)
[2026-02-25 08:27:00] INFO     src.services.ocr_engine – Tesseract version: 5.4.0.20240606
[2026-02-25 08:31:19] INFO     sinhala_pdf_search – Starting Circular Search
[2026-02-25 08:31:19] INFO     src.db.database – Database initialised at C:\Users\Ravindu\Desktop\Ministry Sft\sinhala-pdf-search\data\app.db
[2026-02-25 08:31:32] INFO     src.services.ocr_engine – Tesseract version: 5.4.0.20240606
[2026-02-25 08:42:08] INFO     sinhala_pdf_search – Starting Circular Search
[2026-02-25 08:42:08] INFO     src.db.database – Database initialised at C:\Users\Ravindu\Desktop\Ministry Sft\sinhala-pdf-search\data\app.db
[2026-02-25 08:42:16] INFO     src.services.ocr_engine – Tesseract version: 5.4.0.20240606
[2026-02-25 08:42:47] INFO     sinhala_pdf_search – Starting Circular Search
[2026-02-25 08:42:47] INFO     src.db.database – Database initialised at C:\Users\Ravindu\Desktop\Ministry Sft\sinhala-pdf-search\data\app.db
[2026-02-25 08:42:56] INFO     src.services.ocr_engine – Tesseract version: 5.4.0.20240606
[2026-02-25 08:49:44] INFO     sinhala_pdf_search – Starting Circular Search
[2026-02-25 08:49:44] INFO     src.db.database – Database initialised at C:\Users\Ravindu\Desktop\Ministry Sft\sinhala-pdf-search\data\app.db
[2026-02-25 08:49:52] INFO     src.services.ocr_engine – Tesseract version: 5.4.0.20240606
[2026-02-25 08:51:17] INFO     sinhala_pdf_search – Starting Circular Search
[2026-02-25 08:51:17] INFO     src.db.database – Database initialised at C:\Users\Ravindu\Desktop\Ministry Sft\sinhala-pdf-search\data\app.db
[2026-02-25 08:51:25] INFO     src.services.ocr_engine – Tesseract version: 5.4.0.20240606
[2026-02-25 08:55:18] INFO     sinhala_pdf_search – Starting Circular Search
[2026-02-25 08:55:18] INFO     src.db.database – Database initialised at C:\Users\Ravindu\Desktop\Ministry Sft\sinhala-pdf-search\data\app.db
[2026-02-25 08:55:27] INFO     src.services.ocr_engine – Tesseract version: 5.4.0.20240606
[2026-02-25 08:56:06] INFO     sinhala_pdf_search – Starting Circular Search
[2026-02-25 08:56:06] INFO     src.db.database – Database initialised at C:\Users\Ravindu\Desktop\Ministry Sft\sinhala-pdf-search\data\app.db
[2026-02-25 08:58:10] INFO     sinhala_pdf_search – Starting Circular Search
[2026-02-25 08:58:10] INFO     src.db.database – Database initialised at C:\Users\Ravindu\Desktop\Ministry Sft\sinhala-pdf-search\data\app.db
[2026-02-26 09:10:58] INFO     sinhala_pdf_search – Starting Circular Search
[2026-02-26 09:10:58] INFO     src.db.database – Database initialised at C:\Users\Ravindu\Desktop\Ministry Sft\sinhala-pdf-search\data\app.db
[2026-02-26 09:11:07] INFO     src.services.ocr_engine – Tesseract version: 5.4.0.20240606
[2026-02-26 09:11:37] INFO     sinhala_pdf_search – Starting Circular Search
[2026-02-26 09:11:37] INFO     src.db.database – Database initialised at C:\Users\Ravindu\Desktop\Ministry Sft\sinhala-pdf-search\data\app.db
[2026-02-26 09:11:44] INFO     src.services.ocr_engine – Tesseract version: 5.4.0.20240606
[2026-02-28 10:42:26] INFO     sinhala_pdf_search – Starting Docus Manage
[2026-02-28 10:42:26] INFO     src.db.database – Database initialised at C:\Users\Ravindu\Desktop\Ministry Sft\sinhala-pdf-search\data\app.db
