[2026-02-26 09:33:51] INFO     sinhala_pdf_search – Starting Docus Manage
[2026-02-26 09:33:52] INFO     src.db.database – Database initialised at C:\Users\Ravindu\Desktop\Ministry Sft\sinhala-pdf-search\dist\DocusManage\data\app.db
[2026-02-26 09:33:52] INFO     src.db.database – Seeded 8 default categories
[2026-02-26 09:33:52] INFO     src.db.database – Seeded default admin account (admin / admin123)
[2026-02-26 09:33:56] INFO     sinhala_pdf_search – Starting Docus Manage
[2026-02-26 09:33:56] INFO     src.db.database – Database initialised at C:\Users\Ravindu\Desktop\Ministry Sft\sinhala-pdf-search\dist\DocusManage\data\app.db
[2026-02-26 09:34:00] INFO     sinhala_pdf_search – Starting Docus Manage
[2026-02-26 09:34:00] INFO     src.db.database – Database initialised at C:\Users\Ravindu\Desktop\Ministry Sft\sinhala-pdf-search\dist\DocusManage\data\app.db
[2026-02-26 09:38:30] INFO     sinhala_pdf_search – Starting Docus Manage
[2026-02-26 09:38:30] INFO     src.db.database – Database initialised at C:\Users\Ravindu\Desktop\Ministry Sft\sinhala-pdf-search\dist\DocusManage\data\app.db
[2026-02-26 09:39:41] INFO     sinhala_pdf_search – Starting Docus Manage
[2026-02-26 09:39:41] INFO     src.db.database – Database initialised at C:\Users\Ravindu\Desktop\Ministry Sft\sinhala-pdf-search\dist\DocusManage\data\app.db
[2026-02-26 09:39:54] INFO     src.services.ocr_engine – Tesseract version: 5.4.0.20240606
[2026-02-26 09:56:50] INFO     sinhala_pdf_search – Starting Docus Manage
[2026-02-26 09:56:50] INFO     src.db.database – Database initialised at C:\Users\Ravindu\Desktop\Ministry Sft\sinhala-pdf-search\dist\DocusManage\data\app.db
[2026-02-26 09:57:03] INFO     src.services.ocr_engine – Tesseract version: 5.4.0.20240606
[2026-02-28 10:04:32] INFO     sinhala_pdf_search – Starting Docus Manage
[2026-02-28 10:04:32] INFO     src.db.database – Database initialised at C:\Users\Ravindu\Desktop\Ministry Sft\sinhala-pdf-search\dist\DocusManage\data\app.db
[2026-02-28 10:04:36] INFO     sinhala_pdf_search – Starting Docus Manage
[2026-02-28 10:04:36] INFO     src.db.database – Database initialised at C:\Users\Ravindu\Desktop\Ministry Sft\sinhala-pdf-search\dist\DocusManage\data\app.db
[2026-02-28 10:04:54] WARNING  src.services.ocr_engine – Tesseract not found – OCR will be unavailable.
[2026-03-03 10:17:37] INFO     sinhala_pdf_search – Starting Docus Manage
[2026-03-03 10:17:37] INFO     src.db.database – Database initialised at C:\Users\Ravindu\Desktop\Ministry Sft\sinhala-pdf-search\dist\DocusManage\data\app.db
[2026-03-03 12:29:36] INFO     sinhala_pdf_search – Starting Docus Manage
[2026-03-03 12:29:36] INFO     src.db.database – Database initialised at C:\Users\Ravindu\Desktop\Ministry Sft\sinhala-pdf-search\dist\DocusManage\data\app.db
[2026-03-03 12:29:38] INFO     sinhala_pdf_search – Starting Docus Manage
[2026-03-03 12:29:38] INFO     src.db.database – Database initialised at C:\Users\Ravindu\Desktop\Ministry Sft\sinhala-pdf-search\dist\DocusManage\data\app.db
[2026-03-03 12:29:45] INFO     sinhala_pdf_search – Starting Docus Manage
[2026-03-03 12:29:45] INFO     src.db.database – Database initialised at C:\Users\Ravindu\Desktop\Ministry Sft\sinhala-pdf-search\dist\DocusManage\data\app.db
[2026-03-03 12:29:59] INFO     src.services.ocr_engine – Tesseract version: 5.4.0.20240606
[2026-03-03 12:30:05] INFO     sinhala_pdf_search – Starting Docus Manage
[2026-03-03 12:30:05] INFO     src.db.database – Database initialised at C:\Users\Ravindu\Desktop\Ministry Sft\sinhala-pdf-search\dist\DocusManage\data\app.db
[2026-03-03 12:30:16] INFO     src.services.ocr_engine – Tesseract version: 5.4.0.20240606
[2026-03-03 15:43:12] INFO     sinhala_pdf_search – Starting Docus Manage
[2026-03-03 15:43:13] INFO     src.db.database – Database initialised at C:\Users\Ravindu\Desktop\Ministry Sft\sinhala-pdf-search\dist\DocusManage\data\app.db
[2026-03-03 15:43:23] INFO     src.services.ocr_engine – Tesseract version: 5.4.0.20240606
[2026-03-03 16:14:01] INFO     sinhala_pdf_search – Starting Docus Manage
[2026-03-03 16:14:01] INFO     src.db.database – Database initialised at C:\Users\Ravindu\Desktop\Ministry Sft\sinhala-pdf-search\dist\DocusManage\data\app.db
[2026-03-03 16:14:08] INFO     src.services.ocr_engine – Tesseract version: 5.4.0.20240606
[2026-03-04 09:00:17] INFO     sinhala_pdf_search – Starting Docus Manage
[2026-03-04 09:00:17] INFO     src.db.database – Database initialised at C:\Users\Ravindu\Desktop\Ministry Sft\sinhala-pdf-search\dist\DocusManage\data\app.db
[2026-03-04 09:00:42] INFO     src.services.ocr_engine – Tesseract version: 5.4.0.20240606
[2026-03-04 10:19:12] INFO     sinhala_pdf_search – Starting Docus Manage
[2026-03-04 10:19:12] INFO     src.db.database – Database initialised at C:\Users\Ravindu\Desktop\Ministry Sft\sinhala-pdf-search\dist\DocusManage\data\app.db
[2026-03-04 10:19:18] INFO     src.services.ocr_engine – Tesseract version: 5.4.0.20240606
[2026-03-04 13:12:39] INFO     sinhala_pdf_search – Starting Docus Manage
[2026-03-04 13:12:39] INFO     src.db.database – Database initialised at C:\Users\Ravindu\Desktop\Docus Mange\Docus Mange\dist\DocusManage\data\app.db
[2026-03-04 13:12:57] INFO     sinhala_pdf_search – Starting Docus Manage
[2026-03-04 13:12:57] INFO     src.db.database – Database initialised at C:\Users\Ravindu\Desktop\Docus Mange\Docus Mange\dist\DocusManage\data\app.db
[2026-03-04 13:13:40] INFO     sinhala_pdf_search – Starting Docus Manage
[2026-03-04 13:13:40] INFO     src.db.database – Database initialised at C:\Users\Ravindu\Desktop\Docus Mange\Docus Mange\dist\DocusManage\data\app.db
[2026-03-04 13:13:50] INFO     src.services.ocr_engine – Tesseract version: 5.4.0.20240606
[2026-03-04 20:52:48] INFO     sinhala_pdf_search – Starting Docus Manage
[2026-03-04 20:52:48] INFO     src.db.database – Database initialised at C:\Users\Ravindu\Desktop\Docus Mange\Docus Mange\dist\DocusManage\data\app.db
[2026-03-04 20:52:54] INFO     sinhala_pdf_search – Starting Docus Manage
[2026-03-04 20:52:54] INFO     src.db.database – Database initialised at C:\Users\Ravindu\Desktop\Docus Mange\Docus Mange\dist\DocusManage\data\app.db
[2026-03-04 20:53:39] INFO     sinhala_pdf_search – Starting Docus Manage
[2026-03-04 20:53:39] INFO     src.db.database – Database initialised at C:\Users\Ravindu\Desktop\Docus Mange\Docus Mange\dist\DocusManage\data\app.db
[2026-03-04 20:53:50] INFO     src.services.ocr_engine – Tesseract version: 5.4.0.20240606
[2026-03-05 08:17:17] INFO     sinhala_pdf_search – Starting Docus Manage
[2026-03-05 08:17:17] INFO     src.db.database – Database initialised at C:\Users\Ravindu\Desktop\Docus Mange\Docus Mange\dist\DocusManage\data\app.db
